
Grammar
rule 1    DefinitionGrammar -> DefinitionComponents
rule 2    DefinitionComponents -> Definition
rule 3    DefinitionComponents -> DefinitionComponents Definition
rule 4    Definition -> BeginDefine DefinitionChoice EndDefine
rule 5    BeginDefine -> T_DEFINE
rule 6    EndDefine -> T_ENDDEFINE
rule 7    DefinitionChoice -> SystemDef
rule 8    DefinitionChoice -> CharacterSet
rule 9    SystemDef -> T_SYSTEM SystemDefinition AEDefinition
rule 10   SystemDefinition -> STRING STRING
rule 11   AEDefinition -> STRING STRING
rule 12   CharacterSet -> T_CHARACTER_SET CSDescription CSDefinition
rule 13   CSDescription -> STRING T_NO_CODE_EXTENSIONS
rule 14   CSDescription -> STRING T_CODE_EXTENSIONS
rule 15   CSDefinition -> CodeElementList
rule 16   CodeElementList -> CodeElement
rule 17   CodeElementList -> CodeElementList CodeElement
rule 18   CodeElement -> T_CODE_ELEMENT '(' CEBytes ',' CEDefinedTerm ',' CEStandardForCodeExt ',' T_ESC CEEscSequence ',' CEISORegNr ',' CENrChars ',' CECodeElement ',' CECharSet ')'
rule 19   CEBytes -> STRING
rule 20   CEDefinedTerm -> STRING
rule 21   CEStandardForCodeExt -> STRING
rule 22   CEEscSequence -> STRING
rule 23   CEISORegNr -> STRING
rule 24   CENrChars -> STRING
rule 25   CECodeElement -> STRING
rule 26   CECharSet -> STRING

Terminals, with rules where they appear

$ (-1)
'(' (40) 18
')' (41) 18
',' (44) 18
error (256)
T_DEFINE (258) 5
T_ENDDEFINE (259) 6
T_SYSTEM (260) 9
T_CHARACTER_SET (261) 12
T_CODE_ELEMENT (262) 18
T_CODE_EXTENSIONS (263) 14
T_NO_CODE_EXTENSIONS (264) 13
T_ESC (265) 18
STRING (266) 10 11 13 14 19 20 21 22 23 24 25 26

Nonterminals, with rules where they appear

DefinitionGrammar (15)
    on left: 1
DefinitionComponents (16)
    on left: 2 3, on right: 1 3
Definition (17)
    on left: 4, on right: 2 3
BeginDefine (18)
    on left: 5, on right: 4
EndDefine (19)
    on left: 6, on right: 4
DefinitionChoice (20)
    on left: 7 8, on right: 4
SystemDef (21)
    on left: 9, on right: 7
SystemDefinition (22)
    on left: 10, on right: 9
AEDefinition (23)
    on left: 11, on right: 9
CharacterSet (24)
    on left: 12, on right: 8
CSDescription (25)
    on left: 13 14, on right: 12
CSDefinition (26)
    on left: 15, on right: 12
CodeElementList (27)
    on left: 16 17, on right: 15 17
CodeElement (28)
    on left: 18, on right: 16 17
CEBytes (29)
    on left: 19, on right: 18
CEDefinedTerm (30)
    on left: 20, on right: 18
CEStandardForCodeExt (31)
    on left: 21, on right: 18
CEEscSequence (32)
    on left: 22, on right: 18
CEISORegNr (33)
    on left: 23, on right: 18
CENrChars (34)
    on left: 24, on right: 18
CECodeElement (35)
    on left: 25, on right: 18
CECharSet (36)
    on left: 26, on right: 18


state 0

    T_DEFINE	shift, and go to state 1

    DefinitionGrammar	go to state 54
    DefinitionComponents	go to state 2
    Definition	go to state 3
    BeginDefine	go to state 4



state 1

    BeginDefine  ->  T_DEFINE .   (rule 5)

    $default	reduce using rule 5 (BeginDefine)



state 2

    DefinitionGrammar  ->  DefinitionComponents .   (rule 1)
    DefinitionComponents  ->  DefinitionComponents . Definition   (rule 3)

    T_DEFINE	shift, and go to state 1

    $default	reduce using rule 1 (DefinitionGrammar)

    Definition	go to state 5
    BeginDefine	go to state 4



state 3

    DefinitionComponents  ->  Definition .   (rule 2)

    $default	reduce using rule 2 (DefinitionComponents)



state 4

    Definition  ->  BeginDefine . DefinitionChoice EndDefine   (rule 4)

    T_SYSTEM	shift, and go to state 6
    T_CHARACTER_SET	shift, and go to state 7

    DefinitionChoice	go to state 8
    SystemDef	go to state 9
    CharacterSet	go to state 10



state 5

    DefinitionComponents  ->  DefinitionComponents Definition .   (rule 3)

    $default	reduce using rule 3 (DefinitionComponents)



state 6

    SystemDef  ->  T_SYSTEM . SystemDefinition AEDefinition   (rule 9)

    STRING	shift, and go to state 11

    SystemDefinition	go to state 12



state 7

    CharacterSet  ->  T_CHARACTER_SET . CSDescription CSDefinition   (rule 12)

    STRING	shift, and go to state 13

    CSDescription	go to state 14



state 8

    Definition  ->  BeginDefine DefinitionChoice . EndDefine   (rule 4)

    T_ENDDEFINE	shift, and go to state 15

    EndDefine	go to state 16



state 9

    DefinitionChoice  ->  SystemDef .   (rule 7)

    $default	reduce using rule 7 (DefinitionChoice)



state 10

    DefinitionChoice  ->  CharacterSet .   (rule 8)

    $default	reduce using rule 8 (DefinitionChoice)



state 11

    SystemDefinition  ->  STRING . STRING   (rule 10)

    STRING	shift, and go to state 17



state 12

    SystemDef  ->  T_SYSTEM SystemDefinition . AEDefinition   (rule 9)

    STRING	shift, and go to state 18

    AEDefinition	go to state 19



state 13

    CSDescription  ->  STRING . T_NO_CODE_EXTENSIONS   (rule 13)
    CSDescription  ->  STRING . T_CODE_EXTENSIONS   (rule 14)

    T_CODE_EXTENSIONS	shift, and go to state 20
    T_NO_CODE_EXTENSIONS	shift, and go to state 21



state 14

    CharacterSet  ->  T_CHARACTER_SET CSDescription . CSDefinition   (rule 12)

    T_CODE_ELEMENT	shift, and go to state 22

    CSDefinition	go to state 23
    CodeElementList	go to state 24
    CodeElement	go to state 25



state 15

    EndDefine  ->  T_ENDDEFINE .   (rule 6)

    $default	reduce using rule 6 (EndDefine)



state 16

    Definition  ->  BeginDefine DefinitionChoice EndDefine .   (rule 4)

    $default	reduce using rule 4 (Definition)



state 17

    SystemDefinition  ->  STRING STRING .   (rule 10)

    $default	reduce using rule 10 (SystemDefinition)



state 18

    AEDefinition  ->  STRING . STRING   (rule 11)

    STRING	shift, and go to state 26



state 19

    SystemDef  ->  T_SYSTEM SystemDefinition AEDefinition .   (rule 9)

    $default	reduce using rule 9 (SystemDef)



state 20

    CSDescription  ->  STRING T_CODE_EXTENSIONS .   (rule 14)

    $default	reduce using rule 14 (CSDescription)



state 21

    CSDescription  ->  STRING T_NO_CODE_EXTENSIONS .   (rule 13)

    $default	reduce using rule 13 (CSDescription)



state 22

    CodeElement  ->  T_CODE_ELEMENT . '(' CEBytes ',' CEDefinedTerm ',' CEStandardForCodeExt ',' T_ESC CEEscSequence ',' CEISORegNr ',' CENrChars ',' CECodeElement ',' CECharSet ')'   (rule 18)

    '(' 	shift, and go to state 27



state 23

    CharacterSet  ->  T_CHARACTER_SET CSDescription CSDefinition .   (rule 12)

    $default	reduce using rule 12 (CharacterSet)



state 24

    CSDefinition  ->  CodeElementList .   (rule 15)
    CodeElementList  ->  CodeElementList . CodeElement   (rule 17)

    T_CODE_ELEMENT	shift, and go to state 22

    $default	reduce using rule 15 (CSDefinition)

    CodeElement	go to state 28



state 25

    CodeElementList  ->  CodeElement .   (rule 16)

    $default	reduce using rule 16 (CodeElementList)



state 26

    AEDefinition  ->  STRING STRING .   (rule 11)

    $default	reduce using rule 11 (AEDefinition)



state 27

    CodeElement  ->  T_CODE_ELEMENT '(' . CEBytes ',' CEDefinedTerm ',' CEStandardForCodeExt ',' T_ESC CEEscSequence ',' CEISORegNr ',' CENrChars ',' CECodeElement ',' CECharSet ')'   (rule 18)

    STRING	shift, and go to state 29

    CEBytes	go to state 30



state 28

    CodeElementList  ->  CodeElementList CodeElement .   (rule 17)

    $default	reduce using rule 17 (CodeElementList)



state 29

    CEBytes  ->  STRING .   (rule 19)

    $default	reduce using rule 19 (CEBytes)



state 30

    CodeElement  ->  T_CODE_ELEMENT '(' CEBytes . ',' CEDefinedTerm ',' CEStandardForCodeExt ',' T_ESC CEEscSequence ',' CEISORegNr ',' CENrChars ',' CECodeElement ',' CECharSet ')'   (rule 18)

    ',' 	shift, and go to state 31



state 31

    CodeElement  ->  T_CODE_ELEMENT '(' CEBytes ',' . CEDefinedTerm ',' CEStandardForCodeExt ',' T_ESC CEEscSequence ',' CEISORegNr ',' CENrChars ',' CECodeElement ',' CECharSet ')'   (rule 18)

    STRING	shift, and go to state 32

    CEDefinedTerm	go to state 33



state 32

    CEDefinedTerm  ->  STRING .   (rule 20)

    $default	reduce using rule 20 (CEDefinedTerm)



state 33

    CodeElement  ->  T_CODE_ELEMENT '(' CEBytes ',' CEDefinedTerm . ',' CEStandardForCodeExt ',' T_ESC CEEscSequence ',' CEISORegNr ',' CENrChars ',' CECodeElement ',' CECharSet ')'   (rule 18)

    ',' 	shift, and go to state 34



state 34

    CodeElement  ->  T_CODE_ELEMENT '(' CEBytes ',' CEDefinedTerm ',' . CEStandardForCodeExt ',' T_ESC CEEscSequence ',' CEISORegNr ',' CENrChars ',' CECodeElement ',' CECharSet ')'   (rule 18)

    STRING	shift, and go to state 35

    CEStandardForCodeExt	go to state 36



state 35

    CEStandardForCodeExt  ->  STRING .   (rule 21)

    $default	reduce using rule 21 (CEStandardForCodeExt)



state 36

    CodeElement  ->  T_CODE_ELEMENT '(' CEBytes ',' CEDefinedTerm ',' CEStandardForCodeExt . ',' T_ESC CEEscSequence ',' CEISORegNr ',' CENrChars ',' CECodeElement ',' CECharSet ')'   (rule 18)

    ',' 	shift, and go to state 37



state 37

    CodeElement  ->  T_CODE_ELEMENT '(' CEBytes ',' CEDefinedTerm ',' CEStandardForCodeExt ',' . T_ESC CEEscSequence ',' CEISORegNr ',' CENrChars ',' CECodeElement ',' CECharSet ')'   (rule 18)

    T_ESC	shift, and go to state 38



state 38

    CodeElement  ->  T_CODE_ELEMENT '(' CEBytes ',' CEDefinedTerm ',' CEStandardForCodeExt ',' T_ESC . CEEscSequence ',' CEISORegNr ',' CENrChars ',' CECodeElement ',' CECharSet ')'   (rule 18)

    STRING	shift, and go to state 39

    CEEscSequence	go to state 40



state 39

    CEEscSequence  ->  STRING .   (rule 22)

    $default	reduce using rule 22 (CEEscSequence)



state 40

    CodeElement  ->  T_CODE_ELEMENT '(' CEBytes ',' CEDefinedTerm ',' CEStandardForCodeExt ',' T_ESC CEEscSequence . ',' CEISORegNr ',' CENrChars ',' CECodeElement ',' CECharSet ')'   (rule 18)

    ',' 	shift, and go to state 41



state 41

    CodeElement  ->  T_CODE_ELEMENT '(' CEBytes ',' CEDefinedTerm ',' CEStandardForCodeExt ',' T_ESC CEEscSequence ',' . CEISORegNr ',' CENrChars ',' CECodeElement ',' CECharSet ')'   (rule 18)

    STRING	shift, and go to state 42

    CEISORegNr	go to state 43



state 42

    CEISORegNr  ->  STRING .   (rule 23)

    $default	reduce using rule 23 (CEISORegNr)



state 43

    CodeElement  ->  T_CODE_ELEMENT '(' CEBytes ',' CEDefinedTerm ',' CEStandardForCodeExt ',' T_ESC CEEscSequence ',' CEISORegNr . ',' CENrChars ',' CECodeElement ',' CECharSet ')'   (rule 18)

    ',' 	shift, and go to state 44



state 44

    CodeElement  ->  T_CODE_ELEMENT '(' CEBytes ',' CEDefinedTerm ',' CEStandardForCodeExt ',' T_ESC CEEscSequence ',' CEISORegNr ',' . CENrChars ',' CECodeElement ',' CECharSet ')'   (rule 18)

    STRING	shift, and go to state 45

    CENrChars	go to state 46



state 45

    CENrChars  ->  STRING .   (rule 24)

    $default	reduce using rule 24 (CENrChars)



state 46

    CodeElement  ->  T_CODE_ELEMENT '(' CEBytes ',' CEDefinedTerm ',' CEStandardForCodeExt ',' T_ESC CEEscSequence ',' CEISORegNr ',' CENrChars . ',' CECodeElement ',' CECharSet ')'   (rule 18)

    ',' 	shift, and go to state 47



state 47

    CodeElement  ->  T_CODE_ELEMENT '(' CEBytes ',' CEDefinedTerm ',' CEStandardForCodeExt ',' T_ESC CEEscSequence ',' CEISORegNr ',' CENrChars ',' . CECodeElement ',' CECharSet ')'   (rule 18)

    STRING	shift, and go to state 48

    CECodeElement	go to state 49



state 48

    CECodeElement  ->  STRING .   (rule 25)

    $default	reduce using rule 25 (CECodeElement)



state 49

    CodeElement  ->  T_CODE_ELEMENT '(' CEBytes ',' CEDefinedTerm ',' CEStandardForCodeExt ',' T_ESC CEEscSequence ',' CEISORegNr ',' CENrChars ',' CECodeElement . ',' CECharSet ')'   (rule 18)

    ',' 	shift, and go to state 50



state 50

    CodeElement  ->  T_CODE_ELEMENT '(' CEBytes ',' CEDefinedTerm ',' CEStandardForCodeExt ',' T_ESC CEEscSequence ',' CEISORegNr ',' CENrChars ',' CECodeElement ',' . CECharSet ')'   (rule 18)

    STRING	shift, and go to state 51

    CECharSet	go to state 52



state 51

    CECharSet  ->  STRING .   (rule 26)

    $default	reduce using rule 26 (CECharSet)



state 52

    CodeElement  ->  T_CODE_ELEMENT '(' CEBytes ',' CEDefinedTerm ',' CEStandardForCodeExt ',' T_ESC CEEscSequence ',' CEISORegNr ',' CENrChars ',' CECodeElement ',' CECharSet . ')'   (rule 18)

    ')' 	shift, and go to state 53



state 53

    CodeElement  ->  T_CODE_ELEMENT '(' CEBytes ',' CEDefinedTerm ',' CEStandardForCodeExt ',' T_ESC CEEscSequence ',' CEISORegNr ',' CENrChars ',' CECodeElement ',' CECharSet ')' .   (rule 18)

    $default	reduce using rule 18 (CodeElement)



state 54

    $   	go to state 55



state 55

    $   	go to state 56



state 56

    $default	accept
